0.0 0.0 
1.5e-06 8.12469055464358e-06 
3e-06 1.624938110928695e-05 
4.5e-06 2.437407166393043e-05 
6e-06 3.249876221857374e-05 
7.5e-06 4.062345277321722e-05 
9e-06 4.8748143327860595e-05 
1.0500000000000001e-05 5.6872833882504084e-05 
1.2e-05 6.499752443714737e-05 
1.35e-05 7.312221499179076e-05 
1.4999999999999999e-05 8.124690554643421e-05 
1.6499999999999998e-05 8.937159610107747e-05 
1.7999999999999997e-05 9.749628665572092e-05 
1.9499999999999996e-05 0.00010562097721036434 
2.0999999999999995e-05 0.00011374566776500788 
2.2499999999999995e-05 0.00012187035831965102 
2.3999999999999994e-05 0.00012999504887429466 
2.5499999999999993e-05 0.00013811973942893797 
2.6999999999999992e-05 0.00014624442998358147 
2.849999999999999e-05 0.00015436912053822492 
2.999999999999999e-05 0.00016249381109286796 
3.149999999999999e-05 0.00017061850164751198 
3.2999999999999996e-05 0.00017874319220215505 
3.45e-05 0.0001868678827567992 
3.6e-05 0.00019499257331144243 
3.7500000000000003e-05 0.00020311726386608518 
3.9000000000000006e-05 0.00021124195442072892 
4.050000000000001e-05 0.00021936664497537213 
4.200000000000001e-05 0.00022749133553001606 
4.3500000000000014e-05 0.00023561602608465946 
4.5000000000000016e-05 0.00024374071663930242 
4.650000000000002e-05 0.00025186540719394625 
4.800000000000002e-05 0.0002599900977485895 
4.9500000000000024e-05 0.000268114788303233 
5.100000000000003e-05 0.00027623947885787665 
5.250000000000003e-05 0.0002843641694125199 
5.400000000000003e-05 0.00029248885996716327 
5.5500000000000034e-05 0.0003006135505218068 
5.700000000000004e-05 0.00030873824107644995 
5.850000000000004e-05 0.0003168629316310935 
6.000000000000004e-05 0.0003249876221857369 
6.150000000000004e-05 0.0003331123127403801 
6.300000000000004e-05 0.000341237003295023 
6.450000000000004e-05 0.0003493616938496666 
6.600000000000003e-05 0.00035748638440431004 
6.750000000000003e-05 0.0003656110749589538 
6.900000000000002e-05 0.00037373576551359645 
7.050000000000002e-05 0.00038186045606823963 
7.200000000000002e-05 0.0003899851466228837 
7.350000000000001e-05 0.00039810983717752745 
7.500000000000001e-05 0.0004062345277321702 
7.65e-05 0.000414359218286814 
7.8e-05 0.00042248390884145687 
7.95e-05 0.00043060859939610043 
8.099999999999999e-05 0.0004387332899507438 
8.249999999999999e-05 0.000446857980505387 
8.399999999999998e-05 0.0004549826710600308 
8.549999999999998e-05 0.00046310736161467346 
8.699999999999997e-05 0.00047123205216931875 
8.849999999999997e-05 0.00047935674272396085 
8.999999999999997e-05 0.0004874814332786042 
9.149999999999996e-05 0.000494678210315019 
9.299999999999996e-05 0.0005009260546112984 
9.449999999999995e-05 0.0005061382842588489 
9.599999999999995e-05 0.0005092852261504336 
9.749999999999994e-05 0.0005104318664937975 
9.899999999999994e-05 0.0005099550610949912 
0.00010049999999999994 0.0005081484431019706 
0.00010199999999999993 0.000505248853141296 
0.00010349999999999993 0.0005014486257190599 
0.00010499999999999992 0.0004969014350594437 
0.00010649999999999992 0.0004917248077037045 
0.00010799999999999991 0.0004860008265986154 
0.00010949999999999991 0.0004797755022313476 
0.0001109999999999999 0.00047305647982120465 
0.0001124999999999999 0.000465807967761002 
0.0001139999999999999 0.00045794073125642184 
0.0001154999999999999 0.00044929320512994566 
0.00011699999999999989 0.00043941740079551553 
0.00011849999999999989 0.00042730507081559644 
0.00011999999999999988 0.0004121117731928413 
0.00012149999999999988 0.0003930262764466487 
0.00012299999999999987 0.0003688415008837088 
0.00012449999999999988 0.0003376868521882139 
0.0001259999999999999 0.000296503703016291 
0.0001274999999999999 0.00023991987312562833 
0.0001289999999999999 0.00015752622916829855 
0.00013049999999999992 2.6078556229873362e-05 
0.00013199999999999993 1.1926535031648104e-18 
0.00013349999999999994 4.457056933199247e-19 
0.00013499999999999995 1.8160794863373604e-18 
0.00013649999999999996 2.893859558377823e-19 
0.00013799999999999997 -3.817756673321665e-21 
0.00013949999999999998 7.63551334664333e-21 
0.00014099999999999998 2.93203712511104e-19 
0.0001425 -2.8556819916446065e-19 
0.000144 0.0 
0.0001455 2.8556819916446065e-19 
0.00014700000000000002 -2.93203712511104e-19 
0.00014850000000000003 -7.63551334664333e-21 
0.00015000000000000004 7.63551334664333e-21 
0.00015150000000000005 7.63551334664333e-21 
