0.0 0.0 
-0.028576381885 -4.77484718431e-12 
-0.05715276377 1.11413100967e-11 
-0.085729145655 9.09494701773e-12 
-0.11430552754 1.00044417195e-11 
-0.142881909425 -5.45696821064e-12 
-0.17145829131 9.09494701773e-13 
-0.200034673195 1.00044417195e-11 
-0.22861105508 -1.09139364213e-11 
-0.257187436965 3.54702933691e-11 
-0.28576381885 1.63709046319e-11 
-0.314340200735 -1.63709046319e-11 
-0.34291658262 -3.63797880709e-11 
-0.371492964505 1.45519152284e-11 
-0.40006934639 2.72848410532e-11 
-0.428645728275 3.27418092638e-11 
-0.45722211016 -1.27329258248e-11 
-0.485798492046 4.18367562816e-11 
-0.514374873931 1.81898940355e-12 
-0.542951255816 -4.36557456851e-11 
-0.571527637701 -7.27595761418e-12 
