0.0 0.0 
0.13916865302837753 0.010000115891357714 
0.2775542188428807 0.020000262708297186 
0.41490490070217223 0.0300004601087784 
0.5509804899354744 0.04000069729016927 
0.6855547866100244 0.05000096123913346 
0.8184176023495828 0.06000123778742849 
0.9493763458065088 0.0700015127249462 
1.0782571762280055 0.08000177282316966 
1.2049057289016203 0.09000200666496266 
1.3291874323819517 0.10000220523300737 
1.4509874505399118 0.11000236223434492 
1.5702102922107537 0.12000247415811144 
1.6867791374824703 0.13000254012658535 
1.800634932652254 0.14000256156555485 
1.9117353059980373 0.15000254177341688 
2.0200533542976227 0.16000248542825132 
2.1255763460573367 0.17000239810078197 
2.2283043822676443 0.18000228580281058 
2.32824904969762 0.1900021545862993 
2.4254320957173903 0.20000201024305259 
